<?xml version="1.0" encoding="UTF-8"?>
<!-- Generated by org.testng.reporters.JUnitReportReporter -->
<testsuite hostname="DESKTOP-E709PML" failures="0" tests="1" name="Test.TC_SignInTest" time="15.826" errors="0" timestamp="2022-10-18T22:33:21 BDT" skipped="0">
  <testcase classname="Test.TC_SignInTest" name="signIn" time="15.826"/>
  <system-out/>
</testsuite> <!-- Test.TC_SignInTest -->
