<?xml version="1.0" encoding="UTF-8"?>
<!-- Generated by org.testng.reporters.JUnitReportReporter -->
<testsuite hostname="DESKTOP-E709PML" failures="0" tests="1" name="Test.TC_MyDocumentsTest" time="23.427" errors="0" timestamp="2022-10-17T23:47:07 BDT" skipped="0">
  <testcase classname="Test.TC_MyDocumentsTest" name="myDocuments" time="23.427"/>
  <system-out/>
</testsuite> <!-- Test.TC_MyDocumentsTest -->
